<?xml version="1.0" encoding="UTF-8"?>
<!-- Generated by org.testng.reporters.JUnitXMLReporter -->
<testsuite ignored="0" hostname="LAPTOP-APDB9F0S" failures="0" tests="6" name="Default test" time="54.208" errors="0" timestamp="2025-11-11T08:39:38 IST">
  <testcase classname="testNGBasics.Login" name="login" time="7.155"/>
  <testcase classname="testNGBasics.Login" name="login" time="6.494"/>
  <testcase classname="testNGBasics.Login" name="login" time="6.403"/>
  <testcase classname="testNGBasics.Login" name="login" time="6.447"/>
  <testcase classname="testNGBasics.Login" name="login" time="6.648"/>
  <testcase classname="testNGBasics.Login" name="login" time="20.374"/>
</testsuite> <!-- Default test -->
