<?xml version="1.0" encoding="UTF-8"?>
<testng-results ignored="0" total="6" passed="6" failed="0" skipped="0">
  <reporter-output>
  </reporter-output>
  <suite started-at="2025-11-11T08:38:43 IST" name="Default suite" finished-at="2025-11-11T08:39:38 IST" duration-ms="54208">
    <groups>
    </groups>
    <test started-at="2025-11-11T08:38:43 IST" name="Default test" finished-at="2025-11-11T08:39:38 IST" duration-ms="54208">
      <class name="testNGBasics.Login">
        <test-method signature="login([Ljava.lang.String;)[pri:0, instance:testNGBasics.Login@1aafa419]" started-at="2025-11-11T08:38:44 IST" name="login" data-provider="getData" finished-at="2025-11-11T08:38:51 IST" duration-ms="7155" status="PASS">
          <params>
            <param index="0">
              <value>
                <![CDATA[[Ljava.lang.String;@5a237731]]>
              </value>
            </param>
          </params>
          <reporter-output>
          </reporter-output>
        </test-method> <!-- login -->
        <test-method signature="login([Ljava.lang.String;)[pri:0, instance:testNGBasics.Login@1aafa419]" started-at="2025-11-11T08:38:51 IST" name="login" data-provider="getData" finished-at="2025-11-11T08:38:58 IST" duration-ms="6494" status="PASS">
          <params>
            <param index="0">
              <value>
                <![CDATA[[Ljava.lang.String;@10fda3d0]]>
              </value>
            </param>
          </params>
          <reporter-output>
          </reporter-output>
        </test-method> <!-- login -->
        <test-method signature="login([Ljava.lang.String;)[pri:0, instance:testNGBasics.Login@1aafa419]" started-at="2025-11-11T08:38:58 IST" name="login" data-provider="getData" finished-at="2025-11-11T08:39:04 IST" duration-ms="6403" status="PASS">
          <params>
            <param index="0">
              <value>
                <![CDATA[[Ljava.lang.String;@7d2998d8]]>
              </value>
            </param>
          </params>
          <reporter-output>
          </reporter-output>
        </test-method> <!-- login -->
        <test-method signature="login([Ljava.lang.String;)[pri:0, instance:testNGBasics.Login@1aafa419]" started-at="2025-11-11T08:39:04 IST" name="login" data-provider="getData" finished-at="2025-11-11T08:39:11 IST" duration-ms="6447" status="PASS">
          <params>
            <param index="0">
              <value>
                <![CDATA[[Ljava.lang.String;@6f1a80fb]]>
              </value>
            </param>
          </params>
          <reporter-output>
          </reporter-output>
        </test-method> <!-- login -->
        <test-method signature="login([Ljava.lang.String;)[pri:0, instance:testNGBasics.Login@1aafa419]" started-at="2025-11-11T08:39:11 IST" name="login" data-provider="getData" finished-at="2025-11-11T08:39:17 IST" duration-ms="6648" status="PASS">
          <params>
            <param index="0">
              <value>
                <![CDATA[[Ljava.lang.String;@6a0094c9]]>
              </value>
            </param>
          </params>
          <reporter-output>
          </reporter-output>
        </test-method> <!-- login -->
        <test-method signature="login([Ljava.lang.String;)[pri:0, instance:testNGBasics.Login@1aafa419]" started-at="2025-11-11T08:39:17 IST" name="login" data-provider="getData" finished-at="2025-11-11T08:39:38 IST" duration-ms="20374" status="PASS">
          <params>
            <param index="0">
              <value>
                <![CDATA[[Ljava.lang.String;@51a6cc2a]]>
              </value>
            </param>
          </params>
          <reporter-output>
          </reporter-output>
        </test-method> <!-- login -->
      </class> <!-- testNGBasics.Login -->
    </test> <!-- Default test -->
  </suite> <!-- Default suite -->
</testng-results>
