<?xml version="1.0" encoding="UTF-8"?>
<!-- Generated by org.testng.reporters.JUnitReportReporter -->
<testsuite hostname="LAPTOP-APDB9F0S" failures="0" tests="6" name="testNGBasics.Login" time="53.521" errors="0" timestamp="2025-11-11T08:39:38 IST" skipped="0">
  <testcase classname="testNGBasics.Login" name="login" time="6.447"/>
  <testcase classname="testNGBasics.Login" name="login" time="7.155"/>
  <testcase classname="testNGBasics.Login" name="login" time="6.403"/>
  <testcase classname="testNGBasics.Login" name="login" time="6.648"/>
  <testcase classname="testNGBasics.Login" name="login" time="20.374"/>
  <testcase classname="testNGBasics.Login" name="login" time="6.494"/>
</testsuite> <!-- testNGBasics.Login -->
